2021-10-25 17:44:47,776 INFO  Logger.cs: 70 - 
--------------------------------------------------------------------------------
2021-10-25 17:44:47,806 INFO  Logger.cs: 71 - Logging commencing for SW2URDF exporter
2021-10-25 17:44:47,809 INFO  Logger.cs: 73 - Commit version 1.6.0-1-g15f4949
2021-10-25 17:44:47,812 INFO  Logger.cs: 74 - Build version 1.6.7594.29634
2021-10-25 17:44:47,815 INFO  SwAddin.cs: 192 - Attempting to connect to SW
2021-10-25 17:44:47,816 INFO  SwAddin.cs: 197 - Setting up callbacks
2021-10-25 17:44:47,819 INFO  SwAddin.cs: 201 - Setting up command manager
2021-10-25 17:44:47,837 INFO  SwAddin.cs: 204 - Adding command manager
2021-10-25 17:44:47,843 INFO  SwAddin.cs: 263 - Adding Assembly export to file menu
2021-10-25 17:44:47,845 INFO  SwAddin.cs: 272 - Adding Part export to file menu
2021-10-25 17:44:47,847 INFO  SwAddin.cs: 210 - Adding event handlers
2021-10-25 17:44:47,857 INFO  SwAddin.cs: 217 - Connecting plugin to SolidWorks
2021-10-25 17:46:00,102 INFO  SwAddin.cs: 294 - Assembly export called for file Assem1
2021-10-25 17:46:00,107 INFO  SwAddin.cs: 299 - Save is required
2021-10-25 17:46:00,111 INFO  SwAddin.cs: 313 - Saving assembly
2021-10-25 17:46:00,113 INFO  SwAddin.cs: 316 - Opening property manager
2021-10-25 17:46:00,123 INFO  ExportHelperExtension.cs: 1125 - Retrieving features of type [CoordSys] from Assem1
2021-10-25 17:46:00,127 INFO  ExportHelperExtension.cs: 1136 - Found 24 in Assem1
2021-10-25 17:46:00,129 INFO  ExportHelperExtension.cs: 1145 - Found 0 features of type [CoordSys] in Assem1
2021-10-25 17:46:00,131 INFO  ExportHelperExtension.cs: 1148 - Proceeding through assembly components
2021-10-25 17:46:00,133 INFO  ExportHelperExtension.cs: 1160 - 1 components to check
2021-10-25 17:46:00,136 INFO  ExportHelperExtension.cs: 1125 - Retrieving features of type [CoordSys] from box-1
2021-10-25 17:46:00,138 INFO  ExportHelperExtension.cs: 1136 - Found 25 in box-1
2021-10-25 17:46:00,140 INFO  ExportHelperExtension.cs: 1145 - Found 0 features of type [CoordSys] in box-1
2021-10-25 17:46:00,147 INFO  ExportHelperExtension.cs: 1125 - Retrieving features of type [RefAxis] from Assem1
2021-10-25 17:46:00,155 INFO  ExportHelperExtension.cs: 1136 - Found 24 in Assem1
2021-10-25 17:46:00,157 INFO  ExportHelperExtension.cs: 1145 - Found 1 features of type [RefAxis] in Assem1
2021-10-25 17:46:00,159 INFO  ExportHelperExtension.cs: 1148 - Proceeding through assembly components
2021-10-25 17:46:00,161 INFO  ExportHelperExtension.cs: 1160 - 1 components to check
2021-10-25 17:46:00,162 INFO  ExportHelperExtension.cs: 1125 - Retrieving features of type [RefAxis] from box-1
2021-10-25 17:46:00,164 INFO  ExportHelperExtension.cs: 1136 - Found 25 in box-1
2021-10-25 17:46:00,166 INFO  ExportHelperExtension.cs: 1145 - Found 0 features of type [RefAxis] in box-1
2021-10-25 17:46:00,342 INFO  SwAddin.cs: 339 - Loading config tree
2021-10-25 17:46:00,348 INFO  ExportPropertyManagerExtension.cs: 520 - Starting new configuration
2021-10-25 17:46:00,354 INFO  SwAddin.cs: 344 - Showing property manager
2021-10-25 17:46:23,296 INFO  ExportPropertyManager.cs: 416 - Configuration canceled
2021-10-25 17:46:23,338 INFO  ExportPropertyManager.cs: 1142 - AfterClose called. This method no longer throws an Exception. It just silently does nothing. Ok, except for this logging message
2021-10-25 17:46:33,111 INFO  SwAddin.cs: 294 - Assembly export called for file Assem1
2021-10-25 17:46:33,112 INFO  SwAddin.cs: 299 - Save is required
2021-10-25 17:46:33,114 INFO  SwAddin.cs: 313 - Saving assembly
2021-10-25 17:46:33,116 INFO  SwAddin.cs: 316 - Opening property manager
2021-10-25 17:46:33,117 INFO  ExportHelperExtension.cs: 1125 - Retrieving features of type [CoordSys] from Assem1
2021-10-25 17:46:33,119 INFO  ExportHelperExtension.cs: 1136 - Found 24 in Assem1
2021-10-25 17:46:33,121 INFO  ExportHelperExtension.cs: 1145 - Found 0 features of type [CoordSys] in Assem1
2021-10-25 17:46:33,122 INFO  ExportHelperExtension.cs: 1148 - Proceeding through assembly components
2021-10-25 17:46:33,124 INFO  ExportHelperExtension.cs: 1160 - 1 components to check
2021-10-25 17:46:33,126 INFO  ExportHelperExtension.cs: 1125 - Retrieving features of type [CoordSys] from box-1
2021-10-25 17:46:33,128 INFO  ExportHelperExtension.cs: 1136 - Found 25 in box-1
2021-10-25 17:46:33,130 INFO  ExportHelperExtension.cs: 1145 - Found 0 features of type [CoordSys] in box-1
2021-10-25 17:46:33,131 INFO  ExportHelperExtension.cs: 1125 - Retrieving features of type [RefAxis] from Assem1
2021-10-25 17:46:33,133 INFO  ExportHelperExtension.cs: 1136 - Found 24 in Assem1
2021-10-25 17:46:33,135 INFO  ExportHelperExtension.cs: 1145 - Found 1 features of type [RefAxis] in Assem1
2021-10-25 17:46:33,136 INFO  ExportHelperExtension.cs: 1148 - Proceeding through assembly components
2021-10-25 17:46:33,137 INFO  ExportHelperExtension.cs: 1160 - 1 components to check
2021-10-25 17:46:33,139 INFO  ExportHelperExtension.cs: 1125 - Retrieving features of type [RefAxis] from box-1
2021-10-25 17:46:33,141 INFO  ExportHelperExtension.cs: 1136 - Found 25 in box-1
2021-10-25 17:46:33,143 INFO  ExportHelperExtension.cs: 1145 - Found 0 features of type [RefAxis] in box-1
2021-10-25 17:46:33,180 INFO  SwAddin.cs: 339 - Loading config tree
2021-10-25 17:46:33,182 INFO  ExportPropertyManagerExtension.cs: 520 - Starting new configuration
2021-10-25 17:46:33,187 INFO  SwAddin.cs: 344 - Showing property manager
2021-10-25 17:46:47,550 INFO  ExportPropertyManager.cs: 422 - Configuration saved
2021-10-25 17:46:49,331 INFO  ExportHelperExtension.cs: 1125 - Retrieving features of type [CoordSys] from Assem1
2021-10-25 17:46:49,333 INFO  ExportHelperExtension.cs: 1136 - Found 27 in Assem1
2021-10-25 17:46:49,334 INFO  ExportHelperExtension.cs: 1145 - Found 1 features of type [CoordSys] in Assem1
2021-10-25 17:46:49,335 INFO  ExportHelperExtension.cs: 1148 - Proceeding through assembly components
2021-10-25 17:46:49,337 INFO  ExportHelperExtension.cs: 1160 - 1 components to check
2021-10-25 17:46:49,338 INFO  ExportHelperExtension.cs: 1125 - Retrieving features of type [CoordSys] from box-1
2021-10-25 17:46:49,339 INFO  ExportHelperExtension.cs: 1136 - Found 25 in box-1
2021-10-25 17:46:49,340 INFO  ExportHelperExtension.cs: 1145 - Found 0 features of type [CoordSys] in box-1
2021-10-25 17:46:49,341 INFO  ExportHelperExtension.cs: 1125 - Retrieving features of type [RefAxis] from Assem1
2021-10-25 17:46:49,343 INFO  ExportHelperExtension.cs: 1136 - Found 27 in Assem1
2021-10-25 17:46:49,344 INFO  ExportHelperExtension.cs: 1145 - Found 1 features of type [RefAxis] in Assem1
2021-10-25 17:46:49,345 INFO  ExportHelperExtension.cs: 1148 - Proceeding through assembly components
2021-10-25 17:46:49,346 INFO  ExportHelperExtension.cs: 1160 - 1 components to check
2021-10-25 17:46:49,348 INFO  ExportHelperExtension.cs: 1125 - Retrieving features of type [RefAxis] from box-1
2021-10-25 17:46:49,349 INFO  ExportHelperExtension.cs: 1136 - Found 25 in box-1
2021-10-25 17:46:49,350 INFO  ExportHelperExtension.cs: 1145 - Found 0 features of type [RefAxis] in box-1
2021-10-25 17:46:49,410 INFO  ExportPropertyManager.cs: 1142 - AfterClose called. This method no longer throws an Exception. It just silently does nothing. Ok, except for this logging message
2021-10-25 17:46:52,000 INFO  AssemblyExportForm.cs: 253 - Completing URDF export
2021-10-25 17:46:52,005 INFO  ConfigurationSerialization.cs: 276 - URDF Configuration found
<Link z:Id="i1" xmlns="http://schemas.datacontract.org/2004/07/SW2URDF" xmlns:i="http://www.w3.org/2001/XMLSchema-instance" xmlns:z="http://schemas.microsoft.com/2003/10/Serialization/"><Attributes><Attribute z:Id="i2"><AttributeType>name</AttributeType><IsRequired>true</IsRequired><Value i:type="a:string" xmlns:a="http://www.w3.org/2001/XMLSchema">base_link</Value></Attribute></Attributes><ChildElements><URDFElement z:Id="i3" i:type="Inertial"><Attributes/><ChildElements><URDFElement z:Id="i4" i:type="Origin"><Attributes><Attribute z:Id="i5"><AttributeType>xyz</AttributeType><IsRequired>true</IsRequired><Value i:type="a:ArrayOfdouble" xmlns:a="http://schemas.microsoft.com/2003/10/Serialization/Arrays"><a:double>0</a:double><a:double>0</a:double><a:double>0</a:double></Value></Attribute><Attribute z:Id="i6"><AttributeType>rpy</AttributeType><IsRequired>true</IsRequired><Value i:type="a:ArrayOfdouble" xmlns:a="http://schemas.microsoft.com/2003/10/Serialization/Arrays"><a:double>0</a:double><a:double>0</a:double><a:double>0</a:double></Value></Attribute></Attributes><ChildElements/><ElementName>origin</ElementName><required>false</required><RPYAttribute z:Ref="i6"/><XYZAttribute z:Ref="i5"/><isCustomized>false</isCustomized></URDFElement><URDFElement z:Id="i7" i:type="Mass"><Attributes><Attribute z:Id="i8"><AttributeType>value</AttributeType><IsRequired>true</IsRequired><Value i:type="a:double" xmlns:a="http://www.w3.org/2001/XMLSchema">0</Value></Attribute></Attributes><ChildElements/><ElementName>mass</ElementName><required>false</required><ValueAttribute z:Ref="i8"/></URDFElement><URDFElement z:Id="i9" i:type="Inertia"><Attributes><Attribute z:Id="i10"><AttributeType>ixx</AttributeType><IsRequired>true</IsRequired><Value i:type="a:double" xmlns:a="http://www.w3.org/2001/XMLSchema">0</Value></Attribute><Attribute z:Id="i11"><AttributeType>ixy</AttributeType><IsRequired>true</IsRequired><Value i:type="a:double" xmlns:a="http://www.w3.org/2001/XMLSchema">0</Value></Attribute><Attribute z:Id="i12"><AttributeType>ixz</AttributeType><IsRequired>true</IsRequired><Value i:type="a:double" xmlns:a="http://www.w3.org/2001/XMLSchema">0</Value></Attribute><Attribute z:Id="i13"><AttributeType>iyy</AttributeType><IsRequired>true</IsRequired><Value i:type="a:double" xmlns:a="http://www.w3.org/2001/XMLSchema">0</Value></Attribute><Attribute z:Id="i14"><AttributeType>iyz</AttributeType><IsRequired>true</IsRequired><Value i:type="a:double" xmlns:a="http://www.w3.org/2001/XMLSchema">0</Value></Attribute><Attribute z:Id="i15"><AttributeType>izz</AttributeType><IsRequired>true</IsRequired><Value i:type="a:double" xmlns:a="http://www.w3.org/2001/XMLSchema">0</Value></Attribute></Attributes><ChildElements/><ElementName>inertia</ElementName><required>false</required><IxxAttribute z:Ref="i10"/><IxyAttribute z:Ref="i11"/><IxzAttribute z:Ref="i12"/><IyyAttribute z:Ref="i13"/><IyzAttribute z:Ref="i14"/><IzzAttribute z:Ref="i15"/></URDFElement></ChildElements><ElementName>inertial</ElementName><required>false</required><Inertia z:Ref="i9"/><Mass z:Ref="i7"/><Origin z:Ref="i4"/></URDFElement><URDFElement z:Id="i16" i:type="Visual"><Attributes/><ChildElements><URDFElement z:Id="i17" i:type="Origin"><Attributes><Attribute z:Id="i18"><AttributeType>xyz</AttributeType><IsRequired>true</IsRequired><Value i:type="a:ArrayOfdouble" xmlns:a="http://schemas.microsoft.com/2003/10/Serialization/Arrays"><a:double>0</a:double><a:double>0</a:double><a:double>0</a:double></Value></Attribute><Attribute z:Id="i19"><AttributeType>rpy</AttributeType><IsRequired>true</IsRequired><Value i:type="a:ArrayOfdouble" xmlns:a="http://schemas.microsoft.com/2003/10/Serialization/Arrays"><a:double>0</a:double><a:double>0</a:double><a:double>0</a:double></Value></Attribute></Attributes><ChildElements/><ElementName>origin</ElementName><required>false</required><RPYAttribute z:Ref="i19"/><XYZAttribute z:Ref="i18"/><isCustomized>false</isCustomized></URDFElement><URDFElement z:Id="i20" i:type="Geometry"><Attributes/><ChildElements><URDFElement z:Id="i21" i:type="Mesh"><Attributes><Attribute z:Id="i22"><AttributeType>filename</AttributeType><IsRequired>true</IsRequired><Value i:nil="true"/></Attribute></Attributes><ChildElements/><ElementName>mesh</ElementName><required>false</required><FilenameAttribute z:Ref="i22"/></URDFElement></ChildElements><ElementName>geometry</ElementName><required>true</required><Mesh z:Ref="i21"/></URDFElement><URDFElement z:Id="i23" i:type="Material"><Attributes><Attribute z:Id="i24"><AttributeType>name</AttributeType><IsRequired>true</IsRequired><Value i:type="a:string" xmlns:a="http://www.w3.org/2001/XMLSchema"/></Attribute></Attributes><ChildElements><URDFElement z:Id="i25" i:type="Color"><Attributes><Attribute z:Id="i26"><AttributeType>rgba</AttributeType><IsRequired>true</IsRequired><Value i:type="a:ArrayOfdouble" xmlns:a="http://schemas.microsoft.com/2003/10/Serialization/Arrays"><a:double>1</a:double><a:double>1</a:double><a:double>1</a:double><a:double>1</a:double></Value></Attribute></Attributes><ChildElements/><ElementName>color</ElementName><required>false</required><RGBAAttribute z:Ref="i26"/></URDFElement><URDFElement z:Id="i27" i:type="Texture"><Attributes><Attribute z:Id="i28"><AttributeType>filename</AttributeType><IsRequired>true</IsRequired><Value i:nil="true"/></Attribute></Attributes><ChildElements/><ElementName>texture</ElementName><required>false</required><FilenameAttribute z:Ref="i28"/><wFilename/></URDFElement></ChildElements><ElementName>material</ElementName><required>false</required><Color z:Ref="i25"/><NameAttribute z:Ref="i24"/><Texture z:Ref="i27"/></URDFElement></ChildElements><ElementName>visual</ElementName><required>false</required><Geometry z:Ref="i20"/><Material z:Ref="i23"/><Origin z:Ref="i17"/></URDFElement><URDFElement z:Id="i29" i:type="Collision"><Attributes/><ChildElements><URDFElement z:Id="i30" i:type="Origin"><Attributes><Attribute z:Id="i31"><AttributeType>xyz</AttributeType><IsRequired>true</IsRequired><Value i:type="a:ArrayOfdouble" xmlns:a="http://schemas.microsoft.com/2003/10/Serialization/Arrays"><a:double>0</a:double><a:double>0</a:double><a:double>0</a:double></Value></Attribute><Attribute z:Id="i32"><AttributeType>rpy</AttributeType><IsRequired>true</IsRequired><Value i:type="a:ArrayOfdouble" xmlns:a="http://schemas.microsoft.com/2003/10/Serialization/Arrays"><a:double>0</a:double><a:double>0</a:double><a:double>0</a:double></Value></Attribute></Attributes><ChildElements/><ElementName>origin</ElementName><required>false</required><RPYAttribute z:Ref="i32"/><XYZAttribute z:Ref="i31"/><isCustomized>false</isCustomized></URDFElement><URDFElement z:Id="i33" i:type="Geometry"><Attributes/><ChildElements><URDFElement z:Id="i34" i:type="Mesh"><Attributes><Attribute z:Id="i35"><AttributeType>filename</AttributeType><IsRequired>true</IsRequired><Value i:nil="true"/></Attribute></Attributes><ChildElements/><ElementName>mesh</ElementName><required>false</required><FilenameAttribute z:Ref="i35"/></URDFElement></ChildElements><ElementName>geometry</ElementName><required>true</required><Mesh z:Ref="i34"/></URDFElement></ChildElements><ElementName>collision</ElementName><required>false</required><Geometry z:Ref="i33"/><Origin z:Ref="i30"/></URDFElement><URDFElement z:Id="i36" i:type="Joint"><Attributes><Attribute z:Id="i37"><AttributeType>name</AttributeType><IsRequired>true</IsRequired><Value i:type="a:string" xmlns:a="http://www.w3.org/2001/XMLSchema"/></Attribute><Attribute z:Id="i38"><AttributeType>type</AttributeType><IsRequired>true</IsRequired><Value i:type="a:string" xmlns:a="http://www.w3.org/2001/XMLSchema"/></Attribute></Attributes><ChildElements><URDFElement z:Id="i39" i:type="Origin"><Attributes><Attribute z:Id="i40"><AttributeType>xyz</AttributeType><IsRequired>true</IsRequired><Value i:type="a:ArrayOfdouble" xmlns:a="http://schemas.microsoft.com/2003/10/Serialization/Arrays"><a:double>0</a:double><a:double>0</a:double><a:double>0</a:double></Value></Attribute><Attribute z:Id="i41"><AttributeType>rpy</AttributeType><IsRequired>true</IsRequired><Value i:type="a:ArrayOfdouble" xmlns:a="http://schemas.microsoft.com/2003/10/Serialization/Arrays"><a:double>0</a:double><a:double>0</a:double><a:double>0</a:double></Value></Attribute></Attributes><ChildElements/><ElementName>origin</ElementName><required>false</required><RPYAttribute z:Ref="i41"/><XYZAttribute z:Ref="i40"/><isCustomized>false</isCustomized></URDFElement><URDFElement z:Id="i42" i:type="ParentLink"><Attributes><Attribute z:Id="i43"><AttributeType>link</AttributeType><IsRequired>true</IsRequired><Value i:type="a:string" xmlns:a="http://www.w3.org/2001/XMLSchema"/></Attribute></Attributes><ChildElements/><ElementName>parent</ElementName><required>true</required><NameAttribute z:Ref="i43"/></URDFElement><URDFElement z:Id="i44" i:type="ChildLink"><Attributes><Attribute z:Id="i45"><AttributeType>link</AttributeType><IsRequired>true</IsRequired><Value i:type="a:string" xmlns:a="http://www.w3.org/2001/XMLSchema"/></Attribute></Attributes><ChildElements/><ElementName>child</ElementName><required>true</required><NameAttribute z:Ref="i45"/></URDFElement><URDFElement z:Id="i46" i:type="Axis"><Attributes><Attribute z:Id="i47"><AttributeType>xyz</AttributeType><IsRequired>true</IsRequired><Value i:type="a:ArrayOfdouble" xmlns:a="http://schemas.microsoft.com/2003/10/Serialization/Arrays"><a:double>0</a:double><a:double>0</a:double><a:double>0</a:double></Value></Attribute></Attributes><ChildElements/><ElementName>axis</ElementName><required>false</required><XYZAttribute z:Ref="i47"/></URDFElement><URDFElement z:Id="i48" i:type="Limit"><Attributes><Attribute z:Id="i49"><AttributeType>lower</AttributeType><IsRequired>false</IsRequired><Value i:nil="true"/></Attribute><Attribute z:Id="i50"><AttributeType>upper</AttributeType><IsRequired>false</IsRequired><Value i:nil="true"/></Attribute><Attribute z:Id="i51"><AttributeType>effort</AttributeType><IsRequired>true</IsRequired><Value i:nil="true"/></Attribute><Attribute z:Id="i52"><AttributeType>velocity</AttributeType><IsRequired>true</IsRequired><Value i:nil="true"/></Attribute></Attributes><ChildElements/><ElementName>limit</ElementName><required>false</required><EffortAttribute z:Ref="i51"/><LowerAttribute z:Ref="i49"/><UpperAttribute z:Ref="i50"/><VelocityAttribute z:Ref="i52"/></URDFElement><URDFElement z:Id="i53" i:type="Calibration"><Attributes><Attribute z:Id="i54"><AttributeType>rising</AttributeType><IsRequired>false</IsRequired><Value i:nil="true"/></Attribute><Attribute z:Id="i55"><AttributeType>falling</AttributeType><IsRequired>false</IsRequired><Value i:nil="true"/></Attribute></Attributes><ChildElements/><ElementName>calibration</ElementName><required>false</required><FallingAttribute z:Ref="i55"/><RisingAttribute z:Ref="i54"/></URDFElement><URDFElement z:Id="i56" i:type="Dynamics"><Attributes><Attribute z:Id="i57"><AttributeType>damping</AttributeType><IsRequired>false</IsRequired><Value i:nil="true"/></Attribute><Attribute z:Id="i58"><AttributeType>friction</AttributeType><IsRequired>false</IsRequired><Value i:nil="true"/></Attribute></Attributes><ChildElements/><ElementName>dynamics</ElementName><required>false</required><DampingAttribute z:Ref="i57"/><FrictionAttribute z:Ref="i58"/></URDFElement><URDFElement z:Id="i59" i:type="SafetyController"><Attributes><Attribute z:Id="i60"><AttributeType>soft_upper</AttributeType><IsRequired>false</IsRequired><Value i:nil="true"/></Attribute><Attribute z:Id="i61"><AttributeType>soft_lower</AttributeType><IsRequired>false</IsRequired><Value i:nil="true"/></Attribute><Attribute z:Id="i62"><AttributeType>k_position</AttributeType><IsRequired>false</IsRequired><Value i:nil="true"/></Attribute><Attribute z:Id="i63"><AttributeType>k_velocity</AttributeType><IsRequired>true</IsRequired><Value i:nil="true"/></Attribute></Attributes><ChildElements/><ElementName>safety_controller</ElementName><required>false</required><KPositionAttribute z:Ref="i62"/><KVelocityAttribute z:Ref="i63"/><SoftLowerAttribute z:Ref="i61"/><SoftUpperAttribute z:Ref="i60"/></URDFElement><URDFElement z:Id="i64" i:type="Mimic"><Attributes><Attribute z:Id="i65"><AttributeType>joint</AttributeType><IsRequired>true</IsRequired><Value i:nil="true"/></Attribute><Attribute z:Id="i66"><AttributeType>multiplier</AttributeType><IsRequired>false</IsRequired><Value i:nil="true"/></Attribute><Attribute z:Id="i67"><AttributeType>offset</AttributeType><IsRequired>false</IsRequired><Value i:nil="true"/></Attribute></Attributes><ChildElements/><ElementName>mimic</ElementName><required>false</required><JointNameAttribute z:Ref="i65"/><MultiplierAttribute z:Ref="i66"/><OffsetAttribute z:Ref="i67"/></URDFElement></ChildElements><ElementName>joint</ElementName><required>false</required><Axis z:Ref="i46"/><AxisName/><Calibration z:Ref="i53"/><Child z:Ref="i44"/><CoordinateSystemName>Automatically Generate</CoordinateSystemName><Dynamics z:Ref="i56"/><Limit z:Ref="i48"/><Mimic z:Ref="i64"/><NameAttribute z:Ref="i37"/><Origin z:Ref="i39"/><Parent z:Ref="i42"/><Safety z:Ref="i59"/><TypeAttribute z:Ref="i38"/></URDFElement></ChildElements><ElementName>link</ElementName><required>true</required><Children/><Collision z:Ref="i29"/><Inertial z:Ref="i3"/><Joint z:Ref="i36"/><NameAttribute z:Ref="i2"/><Parent i:nil="true"/><STLQualityFine>false</STLQualityFine><SWComponentPIDs xmlns:a="http://schemas.microsoft.com/2003/10/Serialization/Arrays"><a:base64Binary>yDIAAAUAAAD//v8MYgBvAHgALQAxAEAAQQBzAHMAZQBtADEABAAAABAAAAABAAAAAQAAABgAAAA=</a:base64Binary></SWComponentPIDs><SWMainComponentPID i:nil="true"/><Visual z:Ref="i16"/><isFixedFrame>false</isFixedFrame><isIncomplete>false</isIncomplete></Link>
2021-10-25 17:46:58,312 INFO  AssemblyExportForm.cs: 309 - Saving URDF package to C:\Users\mksuen\Desktop\Assem2
2021-10-25 17:46:58,317 INFO  ExportHelper.cs: 147 - Beginning the export process
2021-10-25 17:46:58,320 INFO  ExportHelper.cs: 153 - Creating package directories with name Assem2 and save path C:\Users\mksuen\Desktop
2021-10-25 17:46:59,693 INFO  ExportHelper.cs: 162 - Creating CMakeLists.txt at C:\Users\mksuen\Desktop\Assem2\CMakeLists.txt
2021-10-25 17:46:59,696 INFO  ExportHelper.cs: 166 - Creating joint names config at C:\Users\mksuen\Desktop\Assem2\config\joint_names_Assem2.yaml
2021-10-25 17:46:59,698 INFO  ExportHelper.cs: 170 - Creating package.xml at C:\Users\mksuen\Desktop\Assem2\package.xml
2021-10-25 17:46:59,700 INFO  PackageXMLWriter.cs: 21 - Creating package.xml at C:\Users\mksuen\Desktop\Assem2\package.xml
2021-10-25 17:46:59,704 INFO  ExportHelper.cs: 177 - Creating RVIZ launch file in C:\Users\mksuen\Desktop\Assem2\launch\
2021-10-25 17:46:59,709 INFO  ExportHelper.cs: 182 - Creating Gazebo launch file in C:\Users\mksuen\Desktop\Assem2\launch\
2021-10-25 17:46:59,710 INFO  ExportHelper.cs: 187 - Saving existing STL preferences
2021-10-25 17:46:59,716 INFO  ExportHelper.cs: 450 - Saving users preferences
2021-10-25 17:46:59,718 INFO  ExportHelper.cs: 190 - Modifying STL preferences
2021-10-25 17:46:59,719 INFO  ExportHelper.cs: 464 - Setting STL preferences
2021-10-25 17:46:59,729 INFO  ExportHelper.cs: 196 - Found 0 hidden components 
2021-10-25 17:46:59,730 INFO  ExportHelper.cs: 197 - Hiding all components
2021-10-25 17:46:59,797 INFO  ExportHelper.cs: 204 - Beginning individual files export
2021-10-25 17:46:59,801 INFO  ExportHelper.cs: 270 - Exporting link: base_link
2021-10-25 17:46:59,803 INFO  ExportHelper.cs: 272 - Link base_link has 0 children
2021-10-25 17:46:59,806 INFO  ExportHelper.cs: 317 - base_link: Exporting STL with coordinate frame Origin_global
2021-10-25 17:46:59,808 INFO  ExportHelper.cs: 322 - base_link: Reference geometry name 
2021-10-25 17:46:59,856 INFO  ExportHelper.cs: 330 - Saving STL to C:\Users\mksuen\Desktop\Assem2\meshes\base_link.STL
2021-10-25 17:46:59,914 INFO  ExportHelper.cs: 405 - Removing SW header in STL file
2021-10-25 17:46:59,915 INFO  ExportHelper.cs: 145 - Showing all components except previously hidden components
2021-10-25 17:46:59,975 INFO  ExportHelper.cs: 145 - Resetting STL preferences
2021-10-25 17:46:59,976 INFO  ExportHelper.cs: 478 - Returning STL preferences to user preferences
2021-10-25 17:46:59,977 INFO  ExportHelper.cs: 228 - Writing URDF file to C:\Users\mksuen\Desktop\Assem2\urdf\Assem2.urdf
2021-10-25 17:46:59,983 INFO  CSVImportExport.cs: 32 - Writing CSV file C:\Users\mksuen\Desktop\Assem2\urdf\Assem2.csv
2021-10-25 17:47:00,010 ERROR CSVImportExport.cs: 130 - The following columns were not written to the CSV: Link.Joint.ChildLink.link,
2021-10-25 17:47:00,012 INFO  ExportHelper.cs: 234 - Copying log file
2021-10-25 17:47:00,019 INFO  ExportHelper.cs: 439 - Copying P:\sw2urdf_logs\sw2urdf.log to C:\Users\mksuen\Desktop\Assem2\export.log
